------------------------------------------------------------------------------------------------------------------------

[2019-05-12 00:09:17 #1 store] 
Database 'E:\NetBeansProjects\Segundo_Cuatrimestre\PSP_Colaborativa\AIncServidor\datosClientes.odb' has been recovered (tr. 14-14)

[2019-05-12 00:09:17 #2 store] 
Database 'E:\NetBeansProjects\Segundo_Cuatrimestre\PSP_Colaborativa\AIncServidor\datosClientes.odb' is opened by 14372@DESKTOP-CAJ4QJJ

[2019-05-12 00:09:17 #3 store] 
Configuration path: E:\NetBeansProjects\Segundo_Cuatrimestre\PSP_Colaborativa\AIncServidor\libreriaODB\objectdb-2.8.0\objectdb.conf

[2019-05-12 00:09:18 #4 type] 
Type aincservidor.DatosClientes is not enhanced.

------------------------------------------------------------------------------------------------------------------------

[2019-05-12 09:48:13 #1 store] 
Database 'E:\NetBeansProjects\Segundo_Cuatrimestre\PSP_Colaborativa\AIncServidor\datosClientes.odb' has been recovered (tr. 15-15)

[2019-05-12 09:48:13 #2 store] 
Database 'E:\NetBeansProjects\Segundo_Cuatrimestre\PSP_Colaborativa\AIncServidor\datosClientes.odb' is opened by 4900@DESKTOP-CAJ4QJJ

[2019-05-12 09:48:13 #3 store] 
Configuration path: E:\NetBeansProjects\Segundo_Cuatrimestre\PSP_Colaborativa\AIncServidor\libreriaODB\objectdb-2.8.0\objectdb.conf

[2019-05-12 09:48:13 #4 type] 
Type aincservidor.DatosClientes is not enhanced.

------------------------------------------------------------------------------------------------------------------------

[2019-05-12 10:09:48 #1 store] 
Database 'E:\NetBeansProjects\Segundo_Cuatrimestre\PSP_Colaborativa\AIncServidor\datosClientes.odb' has been recovered (tr. 16-16)

[2019-05-12 10:09:48 #2 store] 
Database 'E:\NetBeansProjects\Segundo_Cuatrimestre\PSP_Colaborativa\AIncServidor\datosClientes.odb' is opened by 6224@DESKTOP-CAJ4QJJ

[2019-05-12 10:09:48 #3 store] 
Configuration path: E:\NetBeansProjects\Segundo_Cuatrimestre\PSP_Colaborativa\AIncServidor\libreriaODB\objectdb-2.8.0\objectdb.conf

[2019-05-12 10:09:48 #4 type] 
Type aincservidor.DatosClientes is not enhanced.

------------------------------------------------------------------------------------------------------------------------

[2019-05-12 10:11:23 #1 store] 
Database 'E:\NetBeansProjects\Segundo_Cuatrimestre\PSP_Colaborativa\AIncServidor\datosClientes.odb' has been recovered (tr. 17-17)

[2019-05-12 10:11:24 #2 store] 
Database 'E:\NetBeansProjects\Segundo_Cuatrimestre\PSP_Colaborativa\AIncServidor\datosClientes.odb' is opened by 3172@DESKTOP-CAJ4QJJ

[2019-05-12 10:11:24 #3 store] 
Configuration path: E:\NetBeansProjects\Segundo_Cuatrimestre\PSP_Colaborativa\AIncServidor\libreriaODB\objectdb-2.8.0\objectdb.conf

[2019-05-12 10:11:24 #4 type] 
Type aincservidor.DatosClientes is not enhanced.

------------------------------------------------------------------------------------------------------------------------

[2019-05-12 10:13:17 #1 store] 
Database 'E:\NetBeansProjects\Segundo_Cuatrimestre\PSP_Colaborativa\AIncServidor\datosClientes.odb' has been recovered (tr. 18-18)

[2019-05-12 10:13:17 #2 store] 
Database 'E:\NetBeansProjects\Segundo_Cuatrimestre\PSP_Colaborativa\AIncServidor\datosClientes.odb' is opened by 2944@DESKTOP-CAJ4QJJ

[2019-05-12 10:13:17 #3 store] 
Configuration path: E:\NetBeansProjects\Segundo_Cuatrimestre\PSP_Colaborativa\AIncServidor\libreriaODB\objectdb-2.8.0\objectdb.conf

[2019-05-12 10:13:17 #4 type] 
Type aincservidor.DatosClientes is not enhanced.

------------------------------------------------------------------------------------------------------------------------

[2019-05-12 10:15:16 #1 store] 
Database 'E:\NetBeansProjects\Segundo_Cuatrimestre\PSP_Colaborativa\AIncServidor\datosClientes.odb' has been recovered (tr. 19-19)

[2019-05-12 10:15:16 #2 store] 
Database 'E:\NetBeansProjects\Segundo_Cuatrimestre\PSP_Colaborativa\AIncServidor\datosClientes.odb' is opened by 12208@DESKTOP-CAJ4QJJ

[2019-05-12 10:15:16 #3 store] 
Configuration path: E:\NetBeansProjects\Segundo_Cuatrimestre\PSP_Colaborativa\AIncServidor\libreriaODB\objectdb-2.8.0\objectdb.conf

[2019-05-12 10:15:16 #4 type] 
Type aincservidor.DatosClientes is not enhanced.

------------------------------------------------------------------------------------------------------------------------

[2019-05-12 10:19:26 #1 store] 
Database 'E:\NetBeansProjects\Segundo_Cuatrimestre\PSP_Colaborativa\AIncServidor\datosClientes.odb' has been recovered (tr. 20-21)

[2019-05-12 10:19:26 #2 store] 
Database 'E:\NetBeansProjects\Segundo_Cuatrimestre\PSP_Colaborativa\AIncServidor\datosClientes.odb' is opened by 13316@DESKTOP-CAJ4QJJ

[2019-05-12 10:19:26 #3 store] 
Configuration path: E:\NetBeansProjects\Segundo_Cuatrimestre\PSP_Colaborativa\AIncServidor\libreriaODB\objectdb-2.8.0\objectdb.conf

[2019-05-12 10:19:26 #4 type] 
Type aincservidor.DatosClientes is not enhanced.

------------------------------------------------------------------------------------------------------------------------

[2019-05-12 10:34:17 #1 store] 
Database 'E:\NetBeansProjects\Segundo_Cuatrimestre\PSP_Colaborativa\AIncServidor\datosClientes.odb' has been recovered (tr. 22-22)

[2019-05-12 10:34:17 #2 store] 
Database 'E:\NetBeansProjects\Segundo_Cuatrimestre\PSP_Colaborativa\AIncServidor\datosClientes.odb' is opened by 14464@DESKTOP-CAJ4QJJ

[2019-05-12 10:34:17 #3 store] 
Configuration path: E:\NetBeansProjects\Segundo_Cuatrimestre\PSP_Colaborativa\AIncServidor\libreriaODB\objectdb-2.8.0\objectdb.conf

[2019-05-12 10:34:17 #4 type] 
Type aincservidor.DatosClientes is not enhanced.

------------------------------------------------------------------------------------------------------------------------

[2019-05-12 10:35:39 #1 store] 
Database 'E:\NetBeansProjects\Segundo_Cuatrimestre\PSP_Colaborativa\AIncServidor\datosClientes.odb' has been recovered (tr. 23-23)

[2019-05-12 10:35:40 #2 store] 
Database 'E:\NetBeansProjects\Segundo_Cuatrimestre\PSP_Colaborativa\AIncServidor\datosClientes.odb' is opened by 13612@DESKTOP-CAJ4QJJ

[2019-05-12 10:35:40 #3 store] 
Configuration path: E:\NetBeansProjects\Segundo_Cuatrimestre\PSP_Colaborativa\AIncServidor\libreriaODB\objectdb-2.8.0\objectdb.conf

[2019-05-12 10:35:40 #4 type] 
Type aincservidor.DatosClientes is not enhanced.

------------------------------------------------------------------------------------------------------------------------

[2019-05-12 10:37:00 #1 store] 
Database 'E:\NetBeansProjects\Segundo_Cuatrimestre\PSP_Colaborativa\AIncServidor\datosClientes.odb' has been recovered (tr. 24-24)

[2019-05-12 10:37:00 #2 store] 
Database 'E:\NetBeansProjects\Segundo_Cuatrimestre\PSP_Colaborativa\AIncServidor\datosClientes.odb' is opened by 5488@DESKTOP-CAJ4QJJ

[2019-05-12 10:37:00 #3 store] 
Configuration path: E:\NetBeansProjects\Segundo_Cuatrimestre\PSP_Colaborativa\AIncServidor\libreriaODB\objectdb-2.8.0\objectdb.conf

[2019-05-12 10:37:00 #4 type] 
Type aincservidor.DatosClientes is not enhanced.

------------------------------------------------------------------------------------------------------------------------

[2019-05-12 10:37:48 #1 store] 
Database 'E:\NetBeansProjects\Segundo_Cuatrimestre\PSP_Colaborativa\AIncServidor\datosClientes.odb' has been recovered (tr. 25-25)

[2019-05-12 10:37:48 #2 store] 
Database 'E:\NetBeansProjects\Segundo_Cuatrimestre\PSP_Colaborativa\AIncServidor\datosClientes.odb' is opened by 4268@DESKTOP-CAJ4QJJ

[2019-05-12 10:37:48 #3 store] 
Configuration path: E:\NetBeansProjects\Segundo_Cuatrimestre\PSP_Colaborativa\AIncServidor\libreriaODB\objectdb-2.8.0\objectdb.conf

[2019-05-12 10:37:48 #4 type] 
Type aincservidor.DatosClientes is not enhanced.

------------------------------------------------------------------------------------------------------------------------

[2019-05-12 10:38:38 #1 store] 
Database 'E:\NetBeansProjects\Segundo_Cuatrimestre\PSP_Colaborativa\AIncServidor\datosClientes.odb' has been recovered (tr. 26-26)

[2019-05-12 10:38:38 #2 store] 
Database 'E:\NetBeansProjects\Segundo_Cuatrimestre\PSP_Colaborativa\AIncServidor\datosClientes.odb' is opened by 12344@DESKTOP-CAJ4QJJ

[2019-05-12 10:38:38 #3 store] 
Configuration path: E:\NetBeansProjects\Segundo_Cuatrimestre\PSP_Colaborativa\AIncServidor\libreriaODB\objectdb-2.8.0\objectdb.conf

[2019-05-12 10:38:38 #4 type] 
Type aincservidor.DatosClientes is not enhanced.

------------------------------------------------------------------------------------------------------------------------

[2019-05-12 10:39:56 #1 store] 
Database 'E:\NetBeansProjects\Segundo_Cuatrimestre\PSP_Colaborativa\AIncServidor\datosClientes.odb' has been recovered (tr. 27-27)

[2019-05-12 10:39:56 #2 store] 
Database 'E:\NetBeansProjects\Segundo_Cuatrimestre\PSP_Colaborativa\AIncServidor\datosClientes.odb' is opened by 15124@DESKTOP-CAJ4QJJ

[2019-05-12 10:39:56 #3 store] 
Configuration path: E:\NetBeansProjects\Segundo_Cuatrimestre\PSP_Colaborativa\AIncServidor\libreriaODB\objectdb-2.8.0\objectdb.conf

[2019-05-12 10:39:57 #4 type] 
Type aincservidor.DatosClientes is not enhanced.

------------------------------------------------------------------------------------------------------------------------

[2019-05-12 10:40:50 #1 store] 
Database 'E:\NetBeansProjects\Segundo_Cuatrimestre\PSP_Colaborativa\AIncServidor\datosClientes.odb' has been recovered (tr. 28-28)

[2019-05-12 10:40:51 #2 store] 
Database 'E:\NetBeansProjects\Segundo_Cuatrimestre\PSP_Colaborativa\AIncServidor\datosClientes.odb' is opened by 11488@DESKTOP-CAJ4QJJ

[2019-05-12 10:40:51 #3 store] 
Configuration path: E:\NetBeansProjects\Segundo_Cuatrimestre\PSP_Colaborativa\AIncServidor\libreriaODB\objectdb-2.8.0\objectdb.conf

[2019-05-12 10:40:51 #4 type] 
Type aincservidor.DatosClientes is not enhanced.

------------------------------------------------------------------------------------------------------------------------

[2019-05-12 11:01:35 #1 store] 
Database 'E:\NetBeansProjects\Segundo_Cuatrimestre\PSP_Colaborativa\AIncServidor\datosClientes.odb' is opened by 964@DESKTOP-CAJ4QJJ

[2019-05-12 11:01:35 #2 store] 
Configuration path: E:\NetBeansProjects\Segundo_Cuatrimestre\PSP_Colaborativa\AIncServidor\libreriaODB\objectdb-2.8.0\objectdb.conf

[2019-05-12 11:01:35 #3 type.registry] 
New type aincservidor.DatosClientes

[2019-05-12 11:01:35 #4 type] 
Type aincservidor.DatosClientes is not enhanced.

------------------------------------------------------------------------------------------------------------------------

[2019-05-12 11:02:41 #1 store] 
Database 'E:\NetBeansProjects\Segundo_Cuatrimestre\PSP_Colaborativa\AIncServidor\datosClientes.odb' has been recovered (tr. 1-4)

[2019-05-12 11:02:41 #2 store] 
Database 'E:\NetBeansProjects\Segundo_Cuatrimestre\PSP_Colaborativa\AIncServidor\datosClientes.odb' is opened by 14840@DESKTOP-CAJ4QJJ

[2019-05-12 11:02:41 #3 store] 
Configuration path: E:\NetBeansProjects\Segundo_Cuatrimestre\PSP_Colaborativa\AIncServidor\libreriaODB\objectdb-2.8.0\objectdb.conf

[2019-05-12 11:02:41 #4 type] 
Type aincservidor.DatosClientes is not enhanced.

------------------------------------------------------------------------------------------------------------------------

[2019-05-12 11:06:16 #1 store] 
Database 'E:\NetBeansProjects\Segundo_Cuatrimestre\PSP_Colaborativa\AIncServidor\datosClientes.odb' is opened by 13432@DESKTOP-CAJ4QJJ

[2019-05-12 11:06:16 #2 store] 
Configuration path: E:\NetBeansProjects\Segundo_Cuatrimestre\PSP_Colaborativa\AIncServidor\libreriaODB\objectdb-2.8.0\objectdb.conf

[2019-05-12 11:06:17 #3 type.registry] 
New type aincservidor.DatosClientes

[2019-05-12 11:06:17 #4 type] 
Type aincservidor.DatosClientes is not enhanced.

------------------------------------------------------------------------------------------------------------------------

[2019-05-12 11:08:04 #1 store] 
Database 'E:\NetBeansProjects\Segundo_Cuatrimestre\PSP_Colaborativa\AIncServidor\datosClientes.odb' has been recovered (tr. 1-4)

[2019-05-12 11:08:04 #2 store] 
Database 'E:\NetBeansProjects\Segundo_Cuatrimestre\PSP_Colaborativa\AIncServidor\datosClientes.odb' is opened by 14404@DESKTOP-CAJ4QJJ

[2019-05-12 11:08:04 #3 store] 
Configuration path: E:\NetBeansProjects\Segundo_Cuatrimestre\PSP_Colaborativa\AIncServidor\libreriaODB\objectdb-2.8.0\objectdb.conf

[2019-05-12 11:08:04 #4 type] 
Type aincservidor.DatosClientes is not enhanced.

------------------------------------------------------------------------------------------------------------------------

[2019-05-12 11:08:41 #1 store] 
Database 'E:\NetBeansProjects\Segundo_Cuatrimestre\PSP_Colaborativa\AIncServidor\datosClientes.odb' has been recovered (tr. 5-5)

[2019-05-12 11:08:41 #2 store] 
Database 'E:\NetBeansProjects\Segundo_Cuatrimestre\PSP_Colaborativa\AIncServidor\datosClientes.odb' is opened by 6104@DESKTOP-CAJ4QJJ

[2019-05-12 11:08:41 #3 store] 
Configuration path: E:\NetBeansProjects\Segundo_Cuatrimestre\PSP_Colaborativa\AIncServidor\libreriaODB\objectdb-2.8.0\objectdb.conf

[2019-05-12 11:08:41 #4 type] 
Type aincservidor.DatosClientes is not enhanced.

------------------------------------------------------------------------------------------------------------------------

[2019-05-12 11:11:25 #1 store] 
Database 'E:\NetBeansProjects\Segundo_Cuatrimestre\PSP_Colaborativa\AIncServidor\datosClientes.odb' has been recovered (tr. 6-6)

[2019-05-12 11:11:25 #2 store] 
Database 'E:\NetBeansProjects\Segundo_Cuatrimestre\PSP_Colaborativa\AIncServidor\datosClientes.odb' is opened by 8416@DESKTOP-CAJ4QJJ

[2019-05-12 11:11:25 #3 store] 
Configuration path: E:\NetBeansProjects\Segundo_Cuatrimestre\PSP_Colaborativa\AIncServidor\libreriaODB\objectdb-2.8.0\objectdb.conf

[2019-05-12 11:11:25 #4 type] 
Type aincservidor.DatosClientes is not enhanced.

------------------------------------------------------------------------------------------------------------------------

[2019-05-12 11:19:16 #1 store] 
Database 'E:\NetBeansProjects\Segundo_Cuatrimestre\PSP_Colaborativa\AIncServidor\datosClientes.odb' has been recovered (tr. 7-7)

[2019-05-12 11:19:17 #2 store] 
Database 'E:\NetBeansProjects\Segundo_Cuatrimestre\PSP_Colaborativa\AIncServidor\datosClientes.odb' is opened by 14756@DESKTOP-CAJ4QJJ

[2019-05-12 11:19:17 #3 store] 
Configuration path: E:\NetBeansProjects\Segundo_Cuatrimestre\PSP_Colaborativa\AIncServidor\libreriaODB\objectdb-2.8.0\objectdb.conf

[2019-05-12 11:19:17 #4 type] 
Type aincservidor.DatosClientes is not enhanced.

------------------------------------------------------------------------------------------------------------------------

[2019-05-12 11:22:05 #1 store] 
Database 'E:\NetBeansProjects\Segundo_Cuatrimestre\PSP_Colaborativa\AIncServidor\datosClientes.odb' has been recovered (tr. 8-8)

[2019-05-12 11:22:05 #2 store] 
Database 'E:\NetBeansProjects\Segundo_Cuatrimestre\PSP_Colaborativa\AIncServidor\datosClientes.odb' is opened by 1248@DESKTOP-CAJ4QJJ

[2019-05-12 11:22:05 #3 store] 
Configuration path: E:\NetBeansProjects\Segundo_Cuatrimestre\PSP_Colaborativa\AIncServidor\libreriaODB\objectdb-2.8.0\objectdb.conf

[2019-05-12 11:22:05 #4 type] 
Type aincservidor.DatosClientes is not enhanced.

------------------------------------------------------------------------------------------------------------------------

[2019-05-12 11:30:24 #1 store] 
Database 'E:\NetBeansProjects\Segundo_Cuatrimestre\PSP_Colaborativa\AIncServidor\datosClientes.odb' has been recovered (tr. 9-9)

[2019-05-12 11:30:24 #2 store] 
Database 'E:\NetBeansProjects\Segundo_Cuatrimestre\PSP_Colaborativa\AIncServidor\datosClientes.odb' is opened by 11232@DESKTOP-CAJ4QJJ

[2019-05-12 11:30:24 #3 store] 
Configuration path: E:\NetBeansProjects\Segundo_Cuatrimestre\PSP_Colaborativa\AIncServidor\libreriaODB\objectdb-2.8.0\objectdb.conf

[2019-05-12 11:30:24 #4 type] 
Type aincservidor.DatosClientes is not enhanced.

------------------------------------------------------------------------------------------------------------------------

[2019-05-12 11:35:16 #1 store] 
Database 'E:\NetBeansProjects\Segundo_Cuatrimestre\PSP_Colaborativa\AIncServidor\datosClientes.odb' has been recovered (tr. 10-10)

[2019-05-12 11:35:16 #2 store] 
Database 'E:\NetBeansProjects\Segundo_Cuatrimestre\PSP_Colaborativa\AIncServidor\datosClientes.odb' is opened by 13452@DESKTOP-CAJ4QJJ

[2019-05-12 11:35:16 #3 store] 
Configuration path: E:\NetBeansProjects\Segundo_Cuatrimestre\PSP_Colaborativa\AIncServidor\libreriaODB\objectdb-2.8.0\objectdb.conf

[2019-05-12 11:35:16 #4 type] 
Type aincservidor.DatosClientes is not enhanced.

------------------------------------------------------------------------------------------------------------------------

[2019-05-12 11:56:25 #1 store] 
Database 'E:\NetBeansProjects\Segundo_Cuatrimestre\PSP_Colaborativa\AIncServidor\datosClientes.odb' has been recovered (tr. 11-11)

[2019-05-12 11:56:25 #2 store] 
Database 'E:\NetBeansProjects\Segundo_Cuatrimestre\PSP_Colaborativa\AIncServidor\datosClientes.odb' is opened by 8780@DESKTOP-CAJ4QJJ

[2019-05-12 11:56:25 #3 store] 
Configuration path: E:\NetBeansProjects\Segundo_Cuatrimestre\PSP_Colaborativa\AIncServidor\libreriaODB\objectdb-2.8.0\objectdb.conf

[2019-05-12 11:56:25 #4 type] 
Type aincservidor.DatosClientes is not enhanced.

------------------------------------------------------------------------------------------------------------------------

[2019-05-12 12:00:49 #1 store] 
Database 'E:\NetBeansProjects\Segundo_Cuatrimestre\PSP_Colaborativa\AIncServidor\datosClientes.odb' has been recovered (tr. 12-12)

[2019-05-12 12:00:49 #2 store] 
Database 'E:\NetBeansProjects\Segundo_Cuatrimestre\PSP_Colaborativa\AIncServidor\datosClientes.odb' is opened by 15756@DESKTOP-CAJ4QJJ

[2019-05-12 12:00:49 #3 store] 
Configuration path: E:\NetBeansProjects\Segundo_Cuatrimestre\PSP_Colaborativa\AIncServidor\libreriaODB\objectdb-2.8.0\objectdb.conf

[2019-05-12 12:00:49 #4 type] 
Type aincservidor.DatosClientes is not enhanced.

------------------------------------------------------------------------------------------------------------------------

[2019-05-12 12:02:30 #1 store] 
Database 'E:\NetBeansProjects\Segundo_Cuatrimestre\PSP_Colaborativa\AIncServidor\datosClientes.odb' has been recovered (tr. 13-13)

[2019-05-12 12:02:30 #2 store] 
Database 'E:\NetBeansProjects\Segundo_Cuatrimestre\PSP_Colaborativa\AIncServidor\datosClientes.odb' is opened by 14808@DESKTOP-CAJ4QJJ

[2019-05-12 12:02:30 #3 store] 
Configuration path: E:\NetBeansProjects\Segundo_Cuatrimestre\PSP_Colaborativa\AIncServidor\libreriaODB\objectdb-2.8.0\objectdb.conf

[2019-05-12 12:02:30 #4 type] 
Type aincservidor.DatosClientes is not enhanced.

------------------------------------------------------------------------------------------------------------------------

[2019-05-12 12:05:47 #1 store] 
Database 'E:\NetBeansProjects\Segundo_Cuatrimestre\PSP_Colaborativa\AIncServidor\datosClientes.odb' has been recovered (tr. 14-14)

[2019-05-12 12:05:47 #2 store] 
Database 'E:\NetBeansProjects\Segundo_Cuatrimestre\PSP_Colaborativa\AIncServidor\datosClientes.odb' is opened by 12132@DESKTOP-CAJ4QJJ

[2019-05-12 12:05:47 #3 store] 
Configuration path: E:\NetBeansProjects\Segundo_Cuatrimestre\PSP_Colaborativa\AIncServidor\libreriaODB\objectdb-2.8.0\objectdb.conf

[2019-05-12 12:05:48 #4 type] 
Type aincservidor.DatosClientes is not enhanced.

------------------------------------------------------------------------------------------------------------------------

[2019-05-12 12:06:54 #1 store] 
Database 'E:\NetBeansProjects\Segundo_Cuatrimestre\PSP_Colaborativa\AIncServidor\datosClientes.odb' has been recovered (tr. 15-15)

[2019-05-12 12:06:54 #2 store] 
Database 'E:\NetBeansProjects\Segundo_Cuatrimestre\PSP_Colaborativa\AIncServidor\datosClientes.odb' is opened by 12664@DESKTOP-CAJ4QJJ

[2019-05-12 12:06:54 #3 store] 
Configuration path: E:\NetBeansProjects\Segundo_Cuatrimestre\PSP_Colaborativa\AIncServidor\libreriaODB\objectdb-2.8.0\objectdb.conf

[2019-05-12 12:06:54 #4 type] 
Type aincservidor.DatosClientes is not enhanced.

------------------------------------------------------------------------------------------------------------------------

[2019-05-12 12:07:44 #1 store] 
Database 'E:\NetBeansProjects\Segundo_Cuatrimestre\PSP_Colaborativa\AIncServidor\datosClientes.odb' has been recovered (tr. 16-16)

[2019-05-12 12:07:44 #2 store] 
Database 'E:\NetBeansProjects\Segundo_Cuatrimestre\PSP_Colaborativa\AIncServidor\datosClientes.odb' is opened by 15112@DESKTOP-CAJ4QJJ

[2019-05-12 12:07:44 #3 store] 
Configuration path: E:\NetBeansProjects\Segundo_Cuatrimestre\PSP_Colaborativa\AIncServidor\libreriaODB\objectdb-2.8.0\objectdb.conf

[2019-05-12 12:07:44 #4 type] 
Type aincservidor.DatosClientes is not enhanced.

------------------------------------------------------------------------------------------------------------------------

[2019-05-12 12:11:08 #1 store] 
Database 'E:\NetBeansProjects\Segundo_Cuatrimestre\PSP_Colaborativa\AIncServidor\datosClientes.odb' has been recovered (tr. 17-17)

[2019-05-12 12:11:09 #2 store] 
Database 'E:\NetBeansProjects\Segundo_Cuatrimestre\PSP_Colaborativa\AIncServidor\datosClientes.odb' is opened by 9516@DESKTOP-CAJ4QJJ

[2019-05-12 12:11:09 #3 store] 
Configuration path: E:\NetBeansProjects\Segundo_Cuatrimestre\PSP_Colaborativa\AIncServidor\libreriaODB\objectdb-2.8.0\objectdb.conf

[2019-05-12 12:11:09 #4 type] 
Type aincservidor.DatosClientes is not enhanced.

------------------------------------------------------------------------------------------------------------------------

[2019-05-12 12:11:53 #1 store] 
Database 'E:\NetBeansProjects\Segundo_Cuatrimestre\PSP_Colaborativa\AIncServidor\datosClientes.odb' is opened by 4884@DESKTOP-CAJ4QJJ

[2019-05-12 12:11:53 #2 store] 
Configuration path: E:\NetBeansProjects\Segundo_Cuatrimestre\PSP_Colaborativa\AIncServidor\libreriaODB\objectdb-2.8.0\objectdb.conf

[2019-05-12 12:11:53 #3 type] 
Type aincservidor.DatosClientes is not enhanced.

------------------------------------------------------------------------------------------------------------------------

[2019-05-12 12:14:15 #1 store] 
Database 'E:\NetBeansProjects\Segundo_Cuatrimestre\PSP_Colaborativa\AIncServidor\datosClientes.odb' has been recovered (tr. 18-18)

[2019-05-12 12:14:15 #2 store] 
Database 'E:\NetBeansProjects\Segundo_Cuatrimestre\PSP_Colaborativa\AIncServidor\datosClientes.odb' is opened by 10028@DESKTOP-CAJ4QJJ

[2019-05-12 12:14:15 #3 store] 
Configuration path: E:\NetBeansProjects\Segundo_Cuatrimestre\PSP_Colaborativa\AIncServidor\libreriaODB\objectdb-2.8.0\objectdb.conf

[2019-05-12 12:14:15 #4 type] 
Type aincservidor.DatosClientes is not enhanced.

------------------------------------------------------------------------------------------------------------------------

[2019-05-12 12:15:03 #1 store] 
Database 'E:\NetBeansProjects\Segundo_Cuatrimestre\PSP_Colaborativa\AIncServidor\datosClientes.odb' has been recovered (tr. 19-19)

[2019-05-12 12:15:03 #2 store] 
Database 'E:\NetBeansProjects\Segundo_Cuatrimestre\PSP_Colaborativa\AIncServidor\datosClientes.odb' is opened by 2588@DESKTOP-CAJ4QJJ

[2019-05-12 12:15:03 #3 store] 
Configuration path: E:\NetBeansProjects\Segundo_Cuatrimestre\PSP_Colaborativa\AIncServidor\libreriaODB\objectdb-2.8.0\objectdb.conf

[2019-05-12 12:15:03 #4 type] 
Type aincservidor.DatosClientes is not enhanced.

------------------------------------------------------------------------------------------------------------------------

[2019-05-12 12:19:33 #1 store] 
Database 'E:\NetBeansProjects\Segundo_Cuatrimestre\PSP_Colaborativa\AIncServidor\datosClientes.odb' has been recovered (tr. 20-20)

[2019-05-12 12:19:34 #2 store] 
Database 'E:\NetBeansProjects\Segundo_Cuatrimestre\PSP_Colaborativa\AIncServidor\datosClientes.odb' is opened by 10880@DESKTOP-CAJ4QJJ

[2019-05-12 12:19:34 #3 store] 
Configuration path: E:\NetBeansProjects\Segundo_Cuatrimestre\PSP_Colaborativa\AIncServidor\libreriaODB\objectdb-2.8.0\objectdb.conf

[2019-05-12 12:19:35 #4 type] 
Type aincservidor.DatosClientes is not enhanced.

------------------------------------------------------------------------------------------------------------------------

[2019-05-12 12:22:52 #1 store] 
Database 'E:\NetBeansProjects\Segundo_Cuatrimestre\PSP_Colaborativa\AIncServidor\datosClientes.odb' has been recovered (tr. 21-21)

[2019-05-12 12:22:53 #2 store] 
Database 'E:\NetBeansProjects\Segundo_Cuatrimestre\PSP_Colaborativa\AIncServidor\datosClientes.odb' is opened by 14048@DESKTOP-CAJ4QJJ

[2019-05-12 12:22:53 #3 store] 
Configuration path: E:\NetBeansProjects\Segundo_Cuatrimestre\PSP_Colaborativa\AIncServidor\libreriaODB\objectdb-2.8.0\objectdb.conf

[2019-05-12 12:22:53 #4 type] 
Type aincservidor.DatosClientes is not enhanced.

------------------------------------------------------------------------------------------------------------------------

[2019-05-12 12:26:44 #1 store] 
Database 'E:\NetBeansProjects\Segundo_Cuatrimestre\PSP_Colaborativa\AIncServidor\datosClientes.odb' has been recovered (tr. 22-22)

[2019-05-12 12:26:44 #2 store] 
Database 'E:\NetBeansProjects\Segundo_Cuatrimestre\PSP_Colaborativa\AIncServidor\datosClientes.odb' is opened by 7780@DESKTOP-CAJ4QJJ

[2019-05-12 12:26:44 #3 store] 
Configuration path: E:\NetBeansProjects\Segundo_Cuatrimestre\PSP_Colaborativa\AIncServidor\libreriaODB\objectdb-2.8.0\objectdb.conf

[2019-05-12 12:26:44 #4 type] 
Type aincservidor.DatosClientes is not enhanced.

------------------------------------------------------------------------------------------------------------------------

[2019-05-12 12:34:17 #1 store] 
Database 'E:\NetBeansProjects\Segundo_Cuatrimestre\PSP_Colaborativa\AIncServidor\datosClientes.odb' has been recovered (tr. 23-23)

[2019-05-12 12:34:18 #2 store] 
Database 'E:\NetBeansProjects\Segundo_Cuatrimestre\PSP_Colaborativa\AIncServidor\datosClientes.odb' is opened by 6464@DESKTOP-CAJ4QJJ

[2019-05-12 12:34:18 #3 store] 
Configuration path: E:\NetBeansProjects\Segundo_Cuatrimestre\PSP_Colaborativa\AIncServidor\libreriaODB\objectdb-2.8.0\objectdb.conf

[2019-05-12 12:34:18 #4 type] 
Type aincservidor.DatosClientes is not enhanced.

------------------------------------------------------------------------------------------------------------------------

[2019-05-12 12:35:08 #1 store] 
Database 'E:\NetBeansProjects\Segundo_Cuatrimestre\PSP_Colaborativa\AIncServidor\datosClientes.odb' has been recovered (tr. 24-24)

[2019-05-12 12:35:08 #2 store] 
Database 'E:\NetBeansProjects\Segundo_Cuatrimestre\PSP_Colaborativa\AIncServidor\datosClientes.odb' is opened by 9768@DESKTOP-CAJ4QJJ

[2019-05-12 12:35:08 #3 store] 
Configuration path: E:\NetBeansProjects\Segundo_Cuatrimestre\PSP_Colaborativa\AIncServidor\libreriaODB\objectdb-2.8.0\objectdb.conf

[2019-05-12 12:35:08 #4 type] 
Type aincservidor.DatosClientes is not enhanced.

------------------------------------------------------------------------------------------------------------------------

[2019-05-12 12:55:44 #1 store] 
Database 'E:\NetBeansProjects\Segundo_Cuatrimestre\PSP_Colaborativa\AIncServidor\datosClientes.odb' has been recovered (tr. 25-25)

[2019-05-12 12:55:45 #2 store] 
Database 'E:\NetBeansProjects\Segundo_Cuatrimestre\PSP_Colaborativa\AIncServidor\datosClientes.odb' is opened by 9976@DESKTOP-CAJ4QJJ

[2019-05-12 12:55:45 #3 store] 
Configuration path: E:\NetBeansProjects\Segundo_Cuatrimestre\PSP_Colaborativa\AIncServidor\libreriaODB\objectdb-2.8.0\objectdb.conf

[2019-05-12 12:55:45 #4 type] 
Type aincservidor.DatosClientes is not enhanced.

------------------------------------------------------------------------------------------------------------------------

[2019-05-12 12:57:02 #1 store] 
Database 'E:\NetBeansProjects\Segundo_Cuatrimestre\PSP_Colaborativa\AIncServidor\datosClientes.odb' has been recovered (tr. 26-26)

[2019-05-12 12:57:03 #2 store] 
Database 'E:\NetBeansProjects\Segundo_Cuatrimestre\PSP_Colaborativa\AIncServidor\datosClientes.odb' is opened by 14356@DESKTOP-CAJ4QJJ

[2019-05-12 12:57:03 #3 store] 
Configuration path: E:\NetBeansProjects\Segundo_Cuatrimestre\PSP_Colaborativa\AIncServidor\libreriaODB\objectdb-2.8.0\objectdb.conf

[2019-05-12 12:57:03 #4 type] 
Type aincservidor.DatosClientes is not enhanced.

------------------------------------------------------------------------------------------------------------------------

[2019-05-12 13:02:08 #1 store] 
Database 'E:\NetBeansProjects\Segundo_Cuatrimestre\PSP_Colaborativa\AIncServidor\datosClientes.odb' has been recovered (tr. 27-27)

[2019-05-12 13:02:08 #2 store] 
Database 'E:\NetBeansProjects\Segundo_Cuatrimestre\PSP_Colaborativa\AIncServidor\datosClientes.odb' is opened by 12148@DESKTOP-CAJ4QJJ

[2019-05-12 13:02:08 #3 store] 
Configuration path: E:\NetBeansProjects\Segundo_Cuatrimestre\PSP_Colaborativa\AIncServidor\libreriaODB\objectdb-2.8.0\objectdb.conf

[2019-05-12 13:02:08 #4 type] 
Type aincservidor.DatosClientes is not enhanced.

------------------------------------------------------------------------------------------------------------------------

[2019-05-12 13:07:21 #1 store] 
Database 'E:\NetBeansProjects\Segundo_Cuatrimestre\PSP_Colaborativa\AIncServidor\datosClientes.odb' has been recovered (tr. 28-28)

[2019-05-12 13:07:21 #2 store] 
Database 'E:\NetBeansProjects\Segundo_Cuatrimestre\PSP_Colaborativa\AIncServidor\datosClientes.odb' is opened by 10352@DESKTOP-CAJ4QJJ

[2019-05-12 13:07:21 #3 store] 
Configuration path: E:\NetBeansProjects\Segundo_Cuatrimestre\PSP_Colaborativa\AIncServidor\libreriaODB\objectdb-2.8.0\objectdb.conf

[2019-05-12 13:07:21 #4 type] 
Type aincservidor.DatosClientes is not enhanced.

------------------------------------------------------------------------------------------------------------------------

[2019-05-12 13:10:03 #1 store] 
Database 'E:\NetBeansProjects\Segundo_Cuatrimestre\PSP_Colaborativa\AIncServidor\datosClientes.odb' has been recovered (tr. 29-29)

[2019-05-12 13:10:03 #2 store] 
Database 'E:\NetBeansProjects\Segundo_Cuatrimestre\PSP_Colaborativa\AIncServidor\datosClientes.odb' is opened by 6656@DESKTOP-CAJ4QJJ

[2019-05-12 13:10:03 #3 store] 
Configuration path: E:\NetBeansProjects\Segundo_Cuatrimestre\PSP_Colaborativa\AIncServidor\libreriaODB\objectdb-2.8.0\objectdb.conf

[2019-05-12 13:10:03 #4 type] 
Type aincservidor.DatosClientes is not enhanced.

------------------------------------------------------------------------------------------------------------------------

[2019-05-12 13:10:44 #1 store] 
Database 'E:\NetBeansProjects\Segundo_Cuatrimestre\PSP_Colaborativa\AIncServidor\datosClientes.odb' has been recovered (tr. 30-30)

[2019-05-12 13:10:44 #2 store] 
Database 'E:\NetBeansProjects\Segundo_Cuatrimestre\PSP_Colaborativa\AIncServidor\datosClientes.odb' is opened by 13456@DESKTOP-CAJ4QJJ

[2019-05-12 13:10:44 #3 store] 
Configuration path: E:\NetBeansProjects\Segundo_Cuatrimestre\PSP_Colaborativa\AIncServidor\libreriaODB\objectdb-2.8.0\objectdb.conf

[2019-05-12 13:10:45 #4 type] 
Type aincservidor.DatosClientes is not enhanced.

------------------------------------------------------------------------------------------------------------------------

[2019-05-12 13:12:22 #1 store] 
Database 'E:\NetBeansProjects\Segundo_Cuatrimestre\PSP_Colaborativa\AIncServidor\datosClientes.odb' has been recovered (tr. 31-31)

[2019-05-12 13:12:22 #2 store] 
Database 'E:\NetBeansProjects\Segundo_Cuatrimestre\PSP_Colaborativa\AIncServidor\datosClientes.odb' is opened by 13120@DESKTOP-CAJ4QJJ

[2019-05-12 13:12:22 #3 store] 
Configuration path: E:\NetBeansProjects\Segundo_Cuatrimestre\PSP_Colaborativa\AIncServidor\libreriaODB\objectdb-2.8.0\objectdb.conf

[2019-05-12 13:12:22 #4 type] 
Type aincservidor.DatosClientes is not enhanced.

------------------------------------------------------------------------------------------------------------------------

[2019-05-12 13:18:58 #1 store] 
Database 'E:\NetBeansProjects\Segundo_Cuatrimestre\PSP_Colaborativa\AIncServidor\datosClientes.odb' has been recovered (tr. 32-32)

[2019-05-12 13:18:58 #2 store] 
Database 'E:\NetBeansProjects\Segundo_Cuatrimestre\PSP_Colaborativa\AIncServidor\datosClientes.odb' is opened by 15904@DESKTOP-CAJ4QJJ

[2019-05-12 13:18:58 #3 store] 
Configuration path: E:\NetBeansProjects\Segundo_Cuatrimestre\PSP_Colaborativa\AIncServidor\libreriaODB\objectdb-2.8.0\objectdb.conf

[2019-05-12 13:18:58 #4 type] 
Type aincservidor.DatosClientes is not enhanced.

------------------------------------------------------------------------------------------------------------------------

[2019-05-12 13:21:34 #1 store] 
Database 'E:\NetBeansProjects\Segundo_Cuatrimestre\PSP_Colaborativa\AIncServidor\datosClientes.odb' has been recovered (tr. 33-33)

[2019-05-12 13:21:34 #2 store] 
Database 'E:\NetBeansProjects\Segundo_Cuatrimestre\PSP_Colaborativa\AIncServidor\datosClientes.odb' is opened by 14572@DESKTOP-CAJ4QJJ

[2019-05-12 13:21:34 #3 store] 
Configuration path: E:\NetBeansProjects\Segundo_Cuatrimestre\PSP_Colaborativa\AIncServidor\libreriaODB\objectdb-2.8.0\objectdb.conf

[2019-05-12 13:21:34 #4 type] 
Type aincservidor.DatosClientes is not enhanced.

------------------------------------------------------------------------------------------------------------------------

[2019-05-12 13:23:05 #1 store] 
Database 'E:\NetBeansProjects\Segundo_Cuatrimestre\PSP_Colaborativa\AIncServidor\datosClientes.odb' has been recovered (tr. 34-34)

[2019-05-12 13:23:06 #2 store] 
Database 'E:\NetBeansProjects\Segundo_Cuatrimestre\PSP_Colaborativa\AIncServidor\datosClientes.odb' is opened by 8040@DESKTOP-CAJ4QJJ

[2019-05-12 13:23:06 #3 store] 
Configuration path: E:\NetBeansProjects\Segundo_Cuatrimestre\PSP_Colaborativa\AIncServidor\libreriaODB\objectdb-2.8.0\objectdb.conf

[2019-05-12 13:23:06 #4 type] 
Type aincservidor.DatosClientes is not enhanced.

------------------------------------------------------------------------------------------------------------------------

[2019-05-12 13:24:25 #1 store] 
Database 'E:\NetBeansProjects\Segundo_Cuatrimestre\PSP_Colaborativa\AIncServidor\datosClientes.odb' has been recovered (tr. 35-35)

[2019-05-12 13:24:25 #2 store] 
Database 'E:\NetBeansProjects\Segundo_Cuatrimestre\PSP_Colaborativa\AIncServidor\datosClientes.odb' is opened by 8532@DESKTOP-CAJ4QJJ

[2019-05-12 13:24:25 #3 store] 
Configuration path: E:\NetBeansProjects\Segundo_Cuatrimestre\PSP_Colaborativa\AIncServidor\libreriaODB\objectdb-2.8.0\objectdb.conf

[2019-05-12 13:24:25 #4 type] 
Type aincservidor.DatosClientes is not enhanced.

------------------------------------------------------------------------------------------------------------------------

[2019-05-12 13:25:07 #1 store] 
Database 'E:\NetBeansProjects\Segundo_Cuatrimestre\PSP_Colaborativa\AIncServidor\datosClientes.odb' has been recovered (tr. 36-36)

[2019-05-12 13:25:08 #2 store] 
Database 'E:\NetBeansProjects\Segundo_Cuatrimestre\PSP_Colaborativa\AIncServidor\datosClientes.odb' is opened by 3028@DESKTOP-CAJ4QJJ

[2019-05-12 13:25:08 #3 store] 
Configuration path: E:\NetBeansProjects\Segundo_Cuatrimestre\PSP_Colaborativa\AIncServidor\libreriaODB\objectdb-2.8.0\objectdb.conf

[2019-05-12 13:25:08 #4 type] 
Type aincservidor.DatosClientes is not enhanced.

------------------------------------------------------------------------------------------------------------------------

[2019-05-12 13:32:23 #1 store] 
Database 'E:\NetBeansProjects\Segundo_Cuatrimestre\PSP_Colaborativa\AIncServidor\datosClientes.odb' has been recovered (tr. 37-37)

[2019-05-12 13:32:23 #2 store] 
Database 'E:\NetBeansProjects\Segundo_Cuatrimestre\PSP_Colaborativa\AIncServidor\datosClientes.odb' is opened by 124@DESKTOP-CAJ4QJJ

[2019-05-12 13:32:23 #3 store] 
Configuration path: E:\NetBeansProjects\Segundo_Cuatrimestre\PSP_Colaborativa\AIncServidor\libreriaODB\objectdb-2.8.0\objectdb.conf

[2019-05-12 13:32:23 #4 type] 
Type aincservidor.DatosClientes is not enhanced.

------------------------------------------------------------------------------------------------------------------------

[2019-05-12 13:33:11 #1 store] 
Database 'E:\NetBeansProjects\Segundo_Cuatrimestre\PSP_Colaborativa\AIncServidor\datosClientes.odb' has been recovered (tr. 38-38)

[2019-05-12 13:33:12 #2 store] 
Database 'E:\NetBeansProjects\Segundo_Cuatrimestre\PSP_Colaborativa\AIncServidor\datosClientes.odb' is opened by 13840@DESKTOP-CAJ4QJJ

[2019-05-12 13:33:12 #3 store] 
Configuration path: E:\NetBeansProjects\Segundo_Cuatrimestre\PSP_Colaborativa\AIncServidor\libreriaODB\objectdb-2.8.0\objectdb.conf

[2019-05-12 13:33:12 #4 type] 
Type aincservidor.DatosClientes is not enhanced.

------------------------------------------------------------------------------------------------------------------------

[2019-05-12 13:33:42 #1 store] 
Database 'E:\NetBeansProjects\Segundo_Cuatrimestre\PSP_Colaborativa\AIncServidor\datosClientes.odb' has been recovered (tr. 39-39)

[2019-05-12 13:33:42 #2 store] 
Database 'E:\NetBeansProjects\Segundo_Cuatrimestre\PSP_Colaborativa\AIncServidor\datosClientes.odb' is opened by 11968@DESKTOP-CAJ4QJJ

[2019-05-12 13:33:42 #3 store] 
Configuration path: E:\NetBeansProjects\Segundo_Cuatrimestre\PSP_Colaborativa\AIncServidor\libreriaODB\objectdb-2.8.0\objectdb.conf

[2019-05-12 13:33:42 #4 type] 
Type aincservidor.DatosClientes is not enhanced.

------------------------------------------------------------------------------------------------------------------------

[2019-05-12 14:05:45 #1 store] 
Database 'E:\NetBeansProjects\Segundo_Cuatrimestre\PSP_Colaborativa\AIncServidor\datosClientes.odb' has been recovered (tr. 40-40)

[2019-05-12 14:05:46 #2 store] 
Database 'E:\NetBeansProjects\Segundo_Cuatrimestre\PSP_Colaborativa\AIncServidor\datosClientes.odb' is opened by 13352@DESKTOP-CAJ4QJJ

[2019-05-12 14:05:46 #3 store] 
Configuration path: E:\NetBeansProjects\Segundo_Cuatrimestre\PSP_Colaborativa\AIncServidor\libreriaODB\objectdb-2.8.0\objectdb.conf

[2019-05-12 14:05:46 #4 type] 
Type aincservidor.DatosClientes is not enhanced.

